<?xml version="1.0" encoding="UTF-8"?>
<!-- Generated by org.testng.reporters.JUnitReportReporter -->
<testsuite hostname="DESKTOP-0CE5PPB" failures="0" tests="1" name="TestngPack1.VeryfysignuptestNG" time="5.146" errors="0" timestamp="2022-11-03T12:06:51 IST" skipped="0">
  <testcase classname="TestngPack1.VeryfysignuptestNG" name="test" time="5.146"/>
  <system-out/>
</testsuite> <!-- TestngPack1.VeryfysignuptestNG -->
