<?xml version="1.0" encoding="UTF-8"?>
<!-- Generated by org.testng.reporters.JUnitReportReporter -->
<testsuite hostname="DESKTOP-0CE5PPB" failures="0" tests="5" name="TestngPack1.TestNG2" time="0.017" errors="0" timestamp="2022-10-31T22:28:35 IST" skipped="0">
  <testcase classname="TestngPack1.TestNG2" name="test2" time="0.008"/>
  <system-out/>
  <testcase classname="TestngPack1.TestNG2" name="test3" time="0.004"/>
  <system-out/>
  <testcase classname="TestngPack1.TestNG2" name="testA" time="0.002"/>
  <system-out/>
  <testcase classname="TestngPack1.TestNG2" name="testA" time="0.002"/>
  <system-out/>
  <testcase classname="TestngPack1.TestNG2" name="testB" time="0.001"/>
  <system-out/>
</testsuite> <!-- TestngPack1.TestNG2 -->
