<?xml version="1.0" encoding="UTF-8"?>
<!-- Generated by org.testng.reporters.JUnitReportReporter -->
<testsuite hostname="DESKTOP-0CE5PPB" failures="0" tests="2" name="TestngPack1.TestNG" time="0.004" errors="0" timestamp="2022-10-31T22:28:35 IST" skipped="0">
  <testcase classname="TestngPack1.TestNG" name="test" time="0.001"/>
  <system-out/>
  <testcase classname="TestngPack1.TestNG" name="test1" time="0.003"/>
  <system-out/>
</testsuite> <!-- TestngPack1.TestNG -->
